[2023-03-30T03:34:21.806Z] [INFO] [MerchantConfig99589788] : "************************ LOGGING START ************************"
[2023-03-30T03:34:21.812Z] [INFO] [ApiClient193794842] : "Authentication Type : http_signature"
[2023-03-30T03:34:21.812Z] [INFO] [ApiClient193794842] : "Request Type : POST"
[2023-03-30T03:34:21.813Z] [INFO] [ApiClient193794842] : "signatureHeader : keyid=\"34b08fc7-2e20-4c70-a12b-8c13540f2810\", algorithm=\"HmacSHA256\", headers=\"host date (request-target) digest v-c-merchant-id\", signature=\"DFPgUrO5a/Q3dg5lJ+NOwXfZ2th3CDKrH62UdkPHXj4=\""
[2023-03-30T03:34:21.813Z] [INFO] [ApiClient193794842] : "digest : SHA-256=C7ptoWG5Kl745AjyAMwQ+t/LXC6WOAg3xgRMWK6+ITs="
[2023-03-30T03:34:21.813Z] [INFO] [ApiClient193794842] : "v-c-merchant-id : 8220816711"
[2023-03-30T03:34:21.814Z] [INFO] [ApiClient193794842] : "date : Thu, 30 Mar 2023 03:34:21 GMT"
[2023-03-30T03:34:21.814Z] [INFO] [ApiClient193794842] : "host : apitest.cybersource.com"
[2023-03-30T03:34:21.814Z] [INFO] [ApiClient193794842] : "signature : keyid=\"34b08fc7-2e20-4c70-a12b-8c13540f2810\", algorithm=\"HmacSHA256\", headers=\"host date (request-target) digest v-c-merchant-id\", signature=\"DFPgUrO5a/Q3dg5lJ+NOwXfZ2th3CDKrH62UdkPHXj4=\""
[2023-03-30T03:34:21.814Z] [INFO] [ApiClient193794842] : "User-Agent : Mozilla/5.0"
[2023-03-30T03:34:21.814Z] [INFO] [ApiClient193794842] : "************************  LOGGING END  ************************"
[2023-03-30T03:37:38.543Z] [INFO] [MerchantConfig834513128] : "************************ LOGGING START ************************"
[2023-03-30T03:37:38.548Z] [INFO] [ApiClient702635961] : "Authentication Type : http_signature"
[2023-03-30T03:37:38.548Z] [INFO] [ApiClient702635961] : "Request Type : POST"
[2023-03-30T03:37:38.550Z] [INFO] [ApiClient702635961] : "signatureHeader : keyid=\"34b08fc7-2e20-4c70-a12b-8c13540f2810\", algorithm=\"HmacSHA256\", headers=\"host date (request-target) digest v-c-merchant-id\", signature=\"iHWG9bqM5drqeOrgBqdiHc/z/VZQ60oblQD/kuVEg2g=\""
[2023-03-30T03:37:38.550Z] [INFO] [ApiClient702635961] : "digest : SHA-256=k+YQyMWVdiJav8/NbEwkFm7geaW/eid6wY/BmHUpqH4="
[2023-03-30T03:37:38.550Z] [INFO] [ApiClient702635961] : "v-c-merchant-id : 8220816711"
[2023-03-30T03:37:38.550Z] [INFO] [ApiClient702635961] : "date : Thu, 30 Mar 2023 03:37:38 GMT"
[2023-03-30T03:37:38.550Z] [INFO] [ApiClient702635961] : "host : apitest.cybersource.com"
[2023-03-30T03:37:38.551Z] [INFO] [ApiClient702635961] : "signature : keyid=\"34b08fc7-2e20-4c70-a12b-8c13540f2810\", algorithm=\"HmacSHA256\", headers=\"host date (request-target) digest v-c-merchant-id\", signature=\"iHWG9bqM5drqeOrgBqdiHc/z/VZQ60oblQD/kuVEg2g=\""
[2023-03-30T03:37:38.551Z] [INFO] [ApiClient702635961] : "User-Agent : Mozilla/5.0"
[2023-03-30T03:37:38.551Z] [INFO] [ApiClient702635961] : "************************  LOGGING END  ************************"
[2023-03-30T04:04:15.228Z] [INFO] [MerchantConfig992817355] : "************************ LOGGING START ************************"
[2023-03-30T04:04:15.230Z] [INFO] [ApiClient806883654] : "Authentication Type : http_signature"
[2023-03-30T04:04:15.230Z] [INFO] [ApiClient806883654] : "Request Type : POST"
[2023-03-30T04:04:15.231Z] [INFO] [ApiClient806883654] : "signatureHeader : keyid=\"34b08fc7-2e20-4c70-a12b-8c13540f2810\", algorithm=\"HmacSHA256\", headers=\"host date (request-target) digest v-c-merchant-id\", signature=\"xE2w1iEY7i/b9bsHBPNmcBWmrpjn46+rb9rNOqBF5O8=\""
[2023-03-30T04:04:15.231Z] [INFO] [ApiClient806883654] : "digest : SHA-256=krT5Rye5xVL5vo2cXcw5tE7T0LjxFSOsqfgOdYxlEMA="
[2023-03-30T04:04:15.231Z] [INFO] [ApiClient806883654] : "v-c-merchant-id : 8220816711"
[2023-03-30T04:04:15.231Z] [INFO] [ApiClient806883654] : "date : Thu, 30 Mar 2023 04:04:15 GMT"
[2023-03-30T04:04:15.231Z] [INFO] [ApiClient806883654] : "host : apitest.cybersource.com"
[2023-03-30T04:04:15.232Z] [INFO] [ApiClient806883654] : "signature : keyid=\"34b08fc7-2e20-4c70-a12b-8c13540f2810\", algorithm=\"HmacSHA256\", headers=\"host date (request-target) digest v-c-merchant-id\", signature=\"xE2w1iEY7i/b9bsHBPNmcBWmrpjn46+rb9rNOqBF5O8=\""
[2023-03-30T04:04:15.232Z] [INFO] [ApiClient806883654] : "User-Agent : Mozilla/5.0"
[2023-03-30T04:04:15.232Z] [INFO] [ApiClient806883654] : "************************  LOGGING END  ************************"
[2023-03-30T04:43:44.623Z] [INFO] [MerchantConfig172249175] : "************************ LOGGING START ************************"
[2023-03-30T04:43:44.625Z] [INFO] [ApiClient335554155] : "Authentication Type : http_signature"
[2023-03-30T04:43:44.626Z] [INFO] [ApiClient335554155] : "Request Type : POST"
[2023-03-30T04:43:44.626Z] [INFO] [ApiClient335554155] : "signatureHeader : keyid=\"34b08fc7-2e20-4c70-a12b-8c13540f2810\", algorithm=\"HmacSHA256\", headers=\"host date (request-target) digest v-c-merchant-id\", signature=\"MT+k6lUZtXhFHfJxbxPWILEt1M1APeHJ9ykgV0rAU0s=\""
[2023-03-30T04:43:44.627Z] [INFO] [ApiClient335554155] : "digest : SHA-256=krT5Rye5xVL5vo2cXcw5tE7T0LjxFSOsqfgOdYxlEMA="
[2023-03-30T04:43:44.627Z] [INFO] [ApiClient335554155] : "v-c-merchant-id : 8220816711"
[2023-03-30T04:43:44.627Z] [INFO] [ApiClient335554155] : "date : Thu, 30 Mar 2023 04:43:44 GMT"
[2023-03-30T04:43:44.627Z] [INFO] [ApiClient335554155] : "host : apitest.cybersource.com"
[2023-03-30T04:43:44.627Z] [INFO] [ApiClient335554155] : "signature : keyid=\"34b08fc7-2e20-4c70-a12b-8c13540f2810\", algorithm=\"HmacSHA256\", headers=\"host date (request-target) digest v-c-merchant-id\", signature=\"MT+k6lUZtXhFHfJxbxPWILEt1M1APeHJ9ykgV0rAU0s=\""
[2023-03-30T04:43:44.628Z] [INFO] [ApiClient335554155] : "User-Agent : Mozilla/5.0"
[2023-03-30T04:43:44.628Z] [INFO] [ApiClient335554155] : "************************  LOGGING END  ************************"
[2023-03-30T04:43:49.465Z] [INFO] [MerchantConfig329443185] : "************************ LOGGING START ************************"
[2023-03-30T04:43:49.467Z] [INFO] [ApiClient737618323] : "Authentication Type : http_signature"
[2023-03-30T04:43:49.467Z] [INFO] [ApiClient737618323] : "Request Type : POST"
[2023-03-30T04:43:49.467Z] [INFO] [ApiClient737618323] : "signatureHeader : keyid=\"34b08fc7-2e20-4c70-a12b-8c13540f2810\", algorithm=\"HmacSHA256\", headers=\"host date (request-target) digest v-c-merchant-id\", signature=\"F8qLcL85IsRnu7FFQ63gJgdubfsESYydCRGngX72aRA=\""
[2023-03-30T04:43:49.467Z] [INFO] [ApiClient737618323] : "digest : SHA-256=krT5Rye5xVL5vo2cXcw5tE7T0LjxFSOsqfgOdYxlEMA="
[2023-03-30T04:43:49.467Z] [INFO] [ApiClient737618323] : "v-c-merchant-id : 8220816711"
[2023-03-30T04:43:49.467Z] [INFO] [ApiClient737618323] : "date : Thu, 30 Mar 2023 04:43:49 GMT"
[2023-03-30T04:43:49.467Z] [INFO] [ApiClient737618323] : "host : apitest.cybersource.com"
[2023-03-30T04:43:49.468Z] [INFO] [ApiClient737618323] : "signature : keyid=\"34b08fc7-2e20-4c70-a12b-8c13540f2810\", algorithm=\"HmacSHA256\", headers=\"host date (request-target) digest v-c-merchant-id\", signature=\"F8qLcL85IsRnu7FFQ63gJgdubfsESYydCRGngX72aRA=\""
[2023-03-30T04:43:49.468Z] [INFO] [ApiClient737618323] : "User-Agent : Mozilla/5.0"
[2023-03-30T04:43:49.468Z] [INFO] [ApiClient737618323] : "************************  LOGGING END  ************************"
[2023-03-30T04:43:49.646Z] [INFO] [MerchantConfig838274763] : "************************ LOGGING START ************************"
[2023-03-30T04:43:49.648Z] [INFO] [ApiClient804156521] : "Authentication Type : http_signature"
[2023-03-30T04:43:49.648Z] [INFO] [ApiClient804156521] : "Request Type : POST"
[2023-03-30T04:43:49.648Z] [INFO] [ApiClient804156521] : "signatureHeader : keyid=\"34b08fc7-2e20-4c70-a12b-8c13540f2810\", algorithm=\"HmacSHA256\", headers=\"host date (request-target) digest v-c-merchant-id\", signature=\"F8qLcL85IsRnu7FFQ63gJgdubfsESYydCRGngX72aRA=\""
[2023-03-30T04:43:49.649Z] [INFO] [ApiClient804156521] : "digest : SHA-256=krT5Rye5xVL5vo2cXcw5tE7T0LjxFSOsqfgOdYxlEMA="
[2023-03-30T04:43:49.649Z] [INFO] [ApiClient804156521] : "v-c-merchant-id : 8220816711"
[2023-03-30T04:43:49.649Z] [INFO] [ApiClient804156521] : "date : Thu, 30 Mar 2023 04:43:49 GMT"
[2023-03-30T04:43:49.649Z] [INFO] [ApiClient804156521] : "host : apitest.cybersource.com"
[2023-03-30T04:43:49.649Z] [INFO] [ApiClient804156521] : "signature : keyid=\"34b08fc7-2e20-4c70-a12b-8c13540f2810\", algorithm=\"HmacSHA256\", headers=\"host date (request-target) digest v-c-merchant-id\", signature=\"F8qLcL85IsRnu7FFQ63gJgdubfsESYydCRGngX72aRA=\""
[2023-03-30T04:43:49.649Z] [INFO] [ApiClient804156521] : "User-Agent : Mozilla/5.0"
[2023-03-30T04:43:49.649Z] [INFO] [ApiClient804156521] : "************************  LOGGING END  ************************"
[2023-03-30T04:43:50.818Z] [INFO] [MerchantConfig28187623] : "************************ LOGGING START ************************"
[2023-03-30T04:43:50.821Z] [INFO] [ApiClient531700808] : "Authentication Type : http_signature"
[2023-03-30T04:43:50.821Z] [INFO] [ApiClient531700808] : "Request Type : POST"
[2023-03-30T04:43:50.821Z] [INFO] [ApiClient531700808] : "signatureHeader : keyid=\"34b08fc7-2e20-4c70-a12b-8c13540f2810\", algorithm=\"HmacSHA256\", headers=\"host date (request-target) digest v-c-merchant-id\", signature=\"B1bDX3OdhDzIHcvKAhrP7PI4B37SmB4jTawx5OXTeBM=\""
[2023-03-30T04:43:50.821Z] [INFO] [ApiClient531700808] : "digest : SHA-256=krT5Rye5xVL5vo2cXcw5tE7T0LjxFSOsqfgOdYxlEMA="
[2023-03-30T04:43:50.821Z] [INFO] [ApiClient531700808] : "v-c-merchant-id : 8220816711"
[2023-03-30T04:43:50.821Z] [INFO] [ApiClient531700808] : "date : Thu, 30 Mar 2023 04:43:50 GMT"
[2023-03-30T04:43:50.821Z] [INFO] [ApiClient531700808] : "host : apitest.cybersource.com"
[2023-03-30T04:43:50.821Z] [INFO] [ApiClient531700808] : "signature : keyid=\"34b08fc7-2e20-4c70-a12b-8c13540f2810\", algorithm=\"HmacSHA256\", headers=\"host date (request-target) digest v-c-merchant-id\", signature=\"B1bDX3OdhDzIHcvKAhrP7PI4B37SmB4jTawx5OXTeBM=\""
[2023-03-30T04:43:50.821Z] [INFO] [ApiClient531700808] : "User-Agent : Mozilla/5.0"
[2023-03-30T04:43:50.821Z] [INFO] [ApiClient531700808] : "************************  LOGGING END  ************************"
[2023-03-30T04:43:50.998Z] [INFO] [MerchantConfig897208989] : "************************ LOGGING START ************************"
[2023-03-30T04:43:51.000Z] [INFO] [ApiClient287730186] : "Authentication Type : http_signature"
[2023-03-30T04:43:51.000Z] [INFO] [ApiClient287730186] : "Request Type : POST"
[2023-03-30T04:43:51.000Z] [INFO] [ApiClient287730186] : "signatureHeader : keyid=\"34b08fc7-2e20-4c70-a12b-8c13540f2810\", algorithm=\"HmacSHA256\", headers=\"host date (request-target) digest v-c-merchant-id\", signature=\"c1lIh1YNuMic6Gvyu7dsbumvWBoEsCm2iU6klYR7Bo4=\""
[2023-03-30T04:43:51.000Z] [INFO] [ApiClient287730186] : "digest : SHA-256=krT5Rye5xVL5vo2cXcw5tE7T0LjxFSOsqfgOdYxlEMA="
[2023-03-30T04:43:51.000Z] [INFO] [ApiClient287730186] : "v-c-merchant-id : 8220816711"
[2023-03-30T04:43:51.000Z] [INFO] [ApiClient287730186] : "date : Thu, 30 Mar 2023 04:43:51 GMT"
[2023-03-30T04:43:51.001Z] [INFO] [ApiClient287730186] : "host : apitest.cybersource.com"
[2023-03-30T04:43:51.001Z] [INFO] [ApiClient287730186] : "signature : keyid=\"34b08fc7-2e20-4c70-a12b-8c13540f2810\", algorithm=\"HmacSHA256\", headers=\"host date (request-target) digest v-c-merchant-id\", signature=\"c1lIh1YNuMic6Gvyu7dsbumvWBoEsCm2iU6klYR7Bo4=\""
[2023-03-30T04:43:51.001Z] [INFO] [ApiClient287730186] : "User-Agent : Mozilla/5.0"
[2023-03-30T04:43:51.001Z] [INFO] [ApiClient287730186] : "************************  LOGGING END  ************************"
[2023-03-30T04:43:54.334Z] [INFO] [MerchantConfig62151125] : "************************ LOGGING START ************************"
[2023-03-30T04:43:54.336Z] [INFO] [ApiClient270252779] : "Authentication Type : http_signature"
[2023-03-30T04:43:54.336Z] [INFO] [ApiClient270252779] : "Request Type : POST"
[2023-03-30T04:43:54.336Z] [INFO] [ApiClient270252779] : "signatureHeader : keyid=\"34b08fc7-2e20-4c70-a12b-8c13540f2810\", algorithm=\"HmacSHA256\", headers=\"host date (request-target) digest v-c-merchant-id\", signature=\"67q4fCo5/CydKjIgof3oLSR+qH5OE3xB5CpTSRbGQkA=\""
[2023-03-30T04:43:54.336Z] [INFO] [ApiClient270252779] : "digest : SHA-256=krT5Rye5xVL5vo2cXcw5tE7T0LjxFSOsqfgOdYxlEMA="
[2023-03-30T04:43:54.337Z] [INFO] [ApiClient270252779] : "v-c-merchant-id : 8220816711"
[2023-03-30T04:43:54.337Z] [INFO] [ApiClient270252779] : "date : Thu, 30 Mar 2023 04:43:54 GMT"
[2023-03-30T04:43:54.337Z] [INFO] [ApiClient270252779] : "host : apitest.cybersource.com"
[2023-03-30T04:43:54.337Z] [INFO] [ApiClient270252779] : "signature : keyid=\"34b08fc7-2e20-4c70-a12b-8c13540f2810\", algorithm=\"HmacSHA256\", headers=\"host date (request-target) digest v-c-merchant-id\", signature=\"67q4fCo5/CydKjIgof3oLSR+qH5OE3xB5CpTSRbGQkA=\""
[2023-03-30T04:43:54.337Z] [INFO] [ApiClient270252779] : "User-Agent : Mozilla/5.0"
[2023-03-30T04:43:54.337Z] [INFO] [ApiClient270252779] : "************************  LOGGING END  ************************"
