[2023-03-29T16:01:04.223Z] [INFO] [MerchantConfig905161563] : "************************ LOGGING START ************************"
[2023-03-29T16:01:04.228Z] [INFO] [ApiClient420046612] : "Authentication Type : http_signature"
[2023-03-29T16:01:04.229Z] [INFO] [ApiClient420046612] : "Request Type : POST"
[2023-03-29T16:01:04.229Z] [INFO] [ApiClient420046612] : "signatureHeader : keyid=\"da7ec189-9888-40ab-a194-cd833ca710f0\", algorithm=\"HmacSHA256\", headers=\"host date (request-target) digest v-c-merchant-id\", signature=\"tWbHaWOW9mFc/TtZR3TyDAKTI7fxX08XJ6BrvKpuLiM=\""
[2023-03-29T16:01:04.230Z] [INFO] [ApiClient420046612] : "digest : SHA-256=1Z+e7UmUEeZMUB0hr38kd3BqK8m5d2hUKtqqZgSdofw="
[2023-03-29T16:01:04.230Z] [INFO] [ApiClient420046612] : "v-c-merchant-id : 8220816711"
[2023-03-29T16:01:04.230Z] [INFO] [ApiClient420046612] : "date : Wed, 29 Mar 2023 16:01:04 GMT"
[2023-03-29T16:01:04.230Z] [INFO] [ApiClient420046612] : "host : apitest.cybersource.com"
[2023-03-29T16:01:04.230Z] [INFO] [ApiClient420046612] : "signature : keyid=\"da7ec189-9888-40ab-a194-cd833ca710f0\", algorithm=\"HmacSHA256\", headers=\"host date (request-target) digest v-c-merchant-id\", signature=\"tWbHaWOW9mFc/TtZR3TyDAKTI7fxX08XJ6BrvKpuLiM=\""
[2023-03-29T16:01:04.231Z] [INFO] [ApiClient420046612] : "User-Agent : Mozilla/5.0"
[2023-03-29T16:01:04.231Z] [INFO] [ApiClient420046612] : "************************  LOGGING END  ************************"
[2023-03-29T16:13:07.448Z] [INFO] [MerchantConfig992685192] : "************************ LOGGING START ************************"
[2023-03-29T16:13:07.453Z] [INFO] [ApiClient494267646] : "Authentication Type : http_signature"
[2023-03-29T16:13:07.453Z] [INFO] [ApiClient494267646] : "Request Type : POST"
[2023-03-29T16:13:07.454Z] [INFO] [ApiClient494267646] : "signatureHeader : keyid=\"c1fef148-01a7-4707-9177-91a05d693d39\", algorithm=\"HmacSHA256\", headers=\"host date (request-target) digest v-c-merchant-id\", signature=\"tdxiPkbvvQzA8kNTFdv+/iEFDMKkYkk/CNaBcuZiD2U=\""
[2023-03-29T16:13:07.454Z] [INFO] [ApiClient494267646] : "digest : SHA-256=IwTxGwYNHUDFIzZYeei9vNgRlUPgo8tFEgYJDxLwvyg="
[2023-03-29T16:13:07.454Z] [INFO] [ApiClient494267646] : "v-c-merchant-id : 8220816711"
[2023-03-29T16:13:07.454Z] [INFO] [ApiClient494267646] : "date : Wed, 29 Mar 2023 16:13:07 GMT"
[2023-03-29T16:13:07.454Z] [INFO] [ApiClient494267646] : "host : apitest.cybersource.com"
[2023-03-29T16:13:07.454Z] [INFO] [ApiClient494267646] : "signature : keyid=\"c1fef148-01a7-4707-9177-91a05d693d39\", algorithm=\"HmacSHA256\", headers=\"host date (request-target) digest v-c-merchant-id\", signature=\"tdxiPkbvvQzA8kNTFdv+/iEFDMKkYkk/CNaBcuZiD2U=\""
[2023-03-29T16:13:07.455Z] [INFO] [ApiClient494267646] : "User-Agent : Mozilla/5.0"
[2023-03-29T16:13:07.455Z] [INFO] [ApiClient494267646] : "************************  LOGGING END  ************************"
[2023-03-29T16:15:21.217Z] [INFO] [MerchantConfig971786969] : "************************ LOGGING START ************************"
[2023-03-29T16:15:21.222Z] [INFO] [ApiClient941194866] : "Authentication Type : http_signature"
[2023-03-29T16:15:21.222Z] [INFO] [ApiClient941194866] : "Request Type : POST"
[2023-03-29T16:15:21.223Z] [INFO] [ApiClient941194866] : "signatureHeader : keyid=\"c1fef148-01a7-4707-9177-91a05d693d39\", algorithm=\"HmacSHA256\", headers=\"host date (request-target) digest v-c-merchant-id\", signature=\"jTPff5x6eub6ArqclqTi/+G3M4k1e497cK2Uu+9LvJ4=\""
[2023-03-29T16:15:21.223Z] [INFO] [ApiClient941194866] : "digest : SHA-256=Opwg94VyTK2ZacKQV3JHgnvLWDjLP/UJ5eDBUL3luWI="
[2023-03-29T16:15:21.223Z] [INFO] [ApiClient941194866] : "v-c-merchant-id : 8220816711"
[2023-03-29T16:15:21.223Z] [INFO] [ApiClient941194866] : "date : Wed, 29 Mar 2023 16:15:21 GMT"
[2023-03-29T16:15:21.223Z] [INFO] [ApiClient941194866] : "host : apitest.cybersource.com"
[2023-03-29T16:15:21.224Z] [INFO] [ApiClient941194866] : "signature : keyid=\"c1fef148-01a7-4707-9177-91a05d693d39\", algorithm=\"HmacSHA256\", headers=\"host date (request-target) digest v-c-merchant-id\", signature=\"jTPff5x6eub6ArqclqTi/+G3M4k1e497cK2Uu+9LvJ4=\""
[2023-03-29T16:15:21.224Z] [INFO] [ApiClient941194866] : "User-Agent : Mozilla/5.0"
[2023-03-29T16:15:21.225Z] [INFO] [ApiClient941194866] : "************************  LOGGING END  ************************"
[2023-03-29T16:18:25.068Z] [INFO] [MerchantConfig167901897] : "************************ LOGGING START ************************"
[2023-03-29T16:18:25.073Z] [INFO] [ApiClient401618347] : "Authentication Type : http_signature"
[2023-03-29T16:18:25.073Z] [INFO] [ApiClient401618347] : "Request Type : POST"
[2023-03-29T16:18:25.074Z] [INFO] [ApiClient401618347] : "signatureHeader : keyid=\"c1fef148-01a7-4707-9177-91a05d693d39\", algorithm=\"HmacSHA256\", headers=\"host date (request-target) digest v-c-merchant-id\", signature=\"RiahLuJ8lNvKn9i2CdtlMdR9rgjR9413xY0XG3BHZ50=\""
[2023-03-29T16:18:25.074Z] [INFO] [ApiClient401618347] : "digest : SHA-256=Opwg94VyTK2ZacKQV3JHgnvLWDjLP/UJ5eDBUL3luWI="
[2023-03-29T16:18:25.074Z] [INFO] [ApiClient401618347] : "v-c-merchant-id : 8220816711"
[2023-03-29T16:18:25.074Z] [INFO] [ApiClient401618347] : "date : Wed, 29 Mar 2023 16:18:25 GMT"
[2023-03-29T16:18:25.075Z] [INFO] [ApiClient401618347] : "host : apitest.cybersource.com"
[2023-03-29T16:18:25.075Z] [INFO] [ApiClient401618347] : "signature : keyid=\"c1fef148-01a7-4707-9177-91a05d693d39\", algorithm=\"HmacSHA256\", headers=\"host date (request-target) digest v-c-merchant-id\", signature=\"RiahLuJ8lNvKn9i2CdtlMdR9rgjR9413xY0XG3BHZ50=\""
[2023-03-29T16:18:25.075Z] [INFO] [ApiClient401618347] : "User-Agent : Mozilla/5.0"
[2023-03-29T16:18:25.075Z] [INFO] [ApiClient401618347] : "************************  LOGGING END  ************************"
[2023-03-29T16:43:45.244Z] [INFO] [MerchantConfig620791807] : "************************ LOGGING START ************************"
[2023-03-29T16:43:45.249Z] [INFO] [ApiClient765272084] : "Authentication Type : http_signature"
[2023-03-29T16:43:45.249Z] [INFO] [ApiClient765272084] : "Request Type : POST"
[2023-03-29T16:43:45.250Z] [INFO] [ApiClient765272084] : "signatureHeader : keyid=\"c1fef148-01a7-4707-9177-91a05d693d39\", algorithm=\"HmacSHA256\", headers=\"host date (request-target) digest v-c-merchant-id\", signature=\"GqB1I7tIfaTxpK2AIcGMXxGrdrK0h0d/sT7W4haBEYI=\""
[2023-03-29T16:43:45.250Z] [INFO] [ApiClient765272084] : "digest : SHA-256=uaRwJGTo5voyCYtA3EWVz/ThDByL8qoRd24yR54jAxc="
[2023-03-29T16:43:45.251Z] [INFO] [ApiClient765272084] : "v-c-merchant-id : 8220816711"
[2023-03-29T16:43:45.251Z] [INFO] [ApiClient765272084] : "date : Wed, 29 Mar 2023 16:43:45 GMT"
[2023-03-29T16:43:45.251Z] [INFO] [ApiClient765272084] : "host : apitest.cybersource.com"
[2023-03-29T16:43:45.251Z] [INFO] [ApiClient765272084] : "signature : keyid=\"c1fef148-01a7-4707-9177-91a05d693d39\", algorithm=\"HmacSHA256\", headers=\"host date (request-target) digest v-c-merchant-id\", signature=\"GqB1I7tIfaTxpK2AIcGMXxGrdrK0h0d/sT7W4haBEYI=\""
[2023-03-29T16:43:45.251Z] [INFO] [ApiClient765272084] : "User-Agent : Mozilla/5.0"
[2023-03-29T16:43:45.251Z] [INFO] [ApiClient765272084] : "************************  LOGGING END  ************************"
[2023-03-29T16:49:31.202Z] [INFO] [MerchantConfig628442337] : "************************ LOGGING START ************************"
[2023-03-29T16:49:31.206Z] [INFO] [ApiClient160093744] : "Authentication Type : http_signature"
[2023-03-29T16:49:31.207Z] [INFO] [ApiClient160093744] : "Request Type : POST"
[2023-03-29T16:49:31.208Z] [INFO] [ApiClient160093744] : "signatureHeader : keyid=\"c1fef148-01a7-4707-9177-91a05d693d39\", algorithm=\"HmacSHA256\", headers=\"host date (request-target) digest v-c-merchant-id\", signature=\"IgXz0Tus6s17jzFvryVMIZgcMx/D9J8Vl3NuuyKc0IU=\""
[2023-03-29T16:49:31.208Z] [INFO] [ApiClient160093744] : "digest : SHA-256=ta415S8NBtR0AknrYDTz5cbnCKUJdICmQpg/aNAA/+c="
[2023-03-29T16:49:31.208Z] [INFO] [ApiClient160093744] : "v-c-merchant-id : 8220816711"
[2023-03-29T16:49:31.208Z] [INFO] [ApiClient160093744] : "date : Wed, 29 Mar 2023 16:49:31 GMT"
[2023-03-29T16:49:31.208Z] [INFO] [ApiClient160093744] : "host : apitest.cybersource.com"
[2023-03-29T16:49:31.209Z] [INFO] [ApiClient160093744] : "signature : keyid=\"c1fef148-01a7-4707-9177-91a05d693d39\", algorithm=\"HmacSHA256\", headers=\"host date (request-target) digest v-c-merchant-id\", signature=\"IgXz0Tus6s17jzFvryVMIZgcMx/D9J8Vl3NuuyKc0IU=\""
[2023-03-29T16:49:31.209Z] [INFO] [ApiClient160093744] : "User-Agent : Mozilla/5.0"
[2023-03-29T16:49:31.209Z] [INFO] [ApiClient160093744] : "************************  LOGGING END  ************************"
[2023-03-29T17:08:25.864Z] [INFO] [MerchantConfig937263615] : "************************ LOGGING START ************************"
[2023-03-29T17:08:25.869Z] [INFO] [ApiClient35450472] : "Authentication Type : http_signature"
[2023-03-29T17:08:25.869Z] [INFO] [ApiClient35450472] : "Request Type : POST"
[2023-03-29T17:08:25.870Z] [INFO] [ApiClient35450472] : "signatureHeader : keyid=\"c1fef148-01a7-4707-9177-91a05d693d39\", algorithm=\"HmacSHA256\", headers=\"host date (request-target) digest v-c-merchant-id\", signature=\"zXrrw6Vt2OdAItlEaSU3mM4UMje2gkIVwytQocH6yek=\""
[2023-03-29T17:08:25.870Z] [INFO] [ApiClient35450472] : "digest : SHA-256=6FhQyo7ypxEtAkFfr9mnNn5ByZPpcGdxO+WJBvXuiTY="
[2023-03-29T17:08:25.871Z] [INFO] [ApiClient35450472] : "v-c-merchant-id : 8220816711"
[2023-03-29T17:08:25.871Z] [INFO] [ApiClient35450472] : "date : Wed, 29 Mar 2023 17:08:25 GMT"
[2023-03-29T17:08:25.871Z] [INFO] [ApiClient35450472] : "host : apitest.cybersource.com"
[2023-03-29T17:08:25.871Z] [INFO] [ApiClient35450472] : "signature : keyid=\"c1fef148-01a7-4707-9177-91a05d693d39\", algorithm=\"HmacSHA256\", headers=\"host date (request-target) digest v-c-merchant-id\", signature=\"zXrrw6Vt2OdAItlEaSU3mM4UMje2gkIVwytQocH6yek=\""
[2023-03-29T17:08:25.871Z] [INFO] [ApiClient35450472] : "User-Agent : Mozilla/5.0"
[2023-03-29T17:08:25.871Z] [INFO] [ApiClient35450472] : "************************  LOGGING END  ************************"
[2023-03-29T17:10:07.283Z] [INFO] [MerchantConfig460134484] : "************************ LOGGING START ************************"
[2023-03-29T17:10:07.288Z] [INFO] [ApiClient501361470] : "Authentication Type : http_signature"
[2023-03-29T17:10:07.288Z] [INFO] [ApiClient501361470] : "Request Type : POST"
[2023-03-29T17:10:07.290Z] [INFO] [ApiClient501361470] : "signatureHeader : keyid=\"c1fef148-01a7-4707-9177-91a05d693d39\", algorithm=\"HmacSHA256\", headers=\"host date (request-target) digest v-c-merchant-id\", signature=\"pjDn25yB66MXhAuRy+TUcY+is2/B5ehjOD03KnlajqU=\""
[2023-03-29T17:10:07.290Z] [INFO] [ApiClient501361470] : "digest : SHA-256=C7ptoWG5Kl745AjyAMwQ+t/LXC6WOAg3xgRMWK6+ITs="
[2023-03-29T17:10:07.290Z] [INFO] [ApiClient501361470] : "v-c-merchant-id : 8220816711"
[2023-03-29T17:10:07.290Z] [INFO] [ApiClient501361470] : "date : Wed, 29 Mar 2023 17:10:07 GMT"
[2023-03-29T17:10:07.291Z] [INFO] [ApiClient501361470] : "host : apitest.cybersource.com"
[2023-03-29T17:10:07.291Z] [INFO] [ApiClient501361470] : "signature : keyid=\"c1fef148-01a7-4707-9177-91a05d693d39\", algorithm=\"HmacSHA256\", headers=\"host date (request-target) digest v-c-merchant-id\", signature=\"pjDn25yB66MXhAuRy+TUcY+is2/B5ehjOD03KnlajqU=\""
[2023-03-29T17:10:07.291Z] [INFO] [ApiClient501361470] : "User-Agent : Mozilla/5.0"
[2023-03-29T17:10:07.291Z] [INFO] [ApiClient501361470] : "************************  LOGGING END  ************************"
[2023-03-29T17:12:36.235Z] [INFO] [MerchantConfig435484021] : "************************ LOGGING START ************************"
[2023-03-29T17:12:36.240Z] [INFO] [ApiClient763105341] : "Authentication Type : http_signature"
[2023-03-29T17:12:36.240Z] [INFO] [ApiClient763105341] : "Request Type : POST"
[2023-03-29T17:12:36.241Z] [INFO] [ApiClient763105341] : "signatureHeader : keyid=\"c1fef148-01a7-4707-9177-91a05d693d39\", algorithm=\"HmacSHA256\", headers=\"host date (request-target) digest v-c-merchant-id\", signature=\"q42NoulGE+qXamQSn43hvT1pgjhVQLdGpFQthpdozlw=\""
[2023-03-29T17:12:36.241Z] [INFO] [ApiClient763105341] : "digest : SHA-256=C7ptoWG5Kl745AjyAMwQ+t/LXC6WOAg3xgRMWK6+ITs="
[2023-03-29T17:12:36.242Z] [INFO] [ApiClient763105341] : "v-c-merchant-id : 8220816711"
[2023-03-29T17:12:36.242Z] [INFO] [ApiClient763105341] : "date : Wed, 29 Mar 2023 17:12:36 GMT"
[2023-03-29T17:12:36.242Z] [INFO] [ApiClient763105341] : "host : apitest.cybersource.com"
[2023-03-29T17:12:36.242Z] [INFO] [ApiClient763105341] : "signature : keyid=\"c1fef148-01a7-4707-9177-91a05d693d39\", algorithm=\"HmacSHA256\", headers=\"host date (request-target) digest v-c-merchant-id\", signature=\"q42NoulGE+qXamQSn43hvT1pgjhVQLdGpFQthpdozlw=\""
[2023-03-29T17:12:36.242Z] [INFO] [ApiClient763105341] : "User-Agent : Mozilla/5.0"
[2023-03-29T17:12:36.243Z] [INFO] [ApiClient763105341] : "************************  LOGGING END  ************************"
[2023-03-29T17:19:17.890Z] [INFO] [MerchantConfig524656000] : "************************ LOGGING START ************************"
[2023-03-29T17:19:17.894Z] [INFO] [ApiClient112163581] : "Authentication Type : http_signature"
[2023-03-29T17:19:17.895Z] [INFO] [ApiClient112163581] : "Request Type : POST"
[2023-03-29T17:19:17.896Z] [INFO] [ApiClient112163581] : "signatureHeader : keyid=\"c1fef148-01a7-4707-9177-91a05d693d39\", algorithm=\"HmacSHA256\", headers=\"host date (request-target) digest v-c-merchant-id\", signature=\"Hbd9upIrgBz7HLkteYbP8p0BApT0UQcBtmwD7uf+3Z4=\""
[2023-03-29T17:19:17.896Z] [INFO] [ApiClient112163581] : "digest : SHA-256=UOzmR78imF3/NKQrquqeERH9kbPc/3H8pW4AlOuyMHE="
[2023-03-29T17:19:17.896Z] [INFO] [ApiClient112163581] : "v-c-merchant-id : 8220816711"
[2023-03-29T17:19:17.896Z] [INFO] [ApiClient112163581] : "date : Wed, 29 Mar 2023 17:19:17 GMT"
[2023-03-29T17:19:17.896Z] [INFO] [ApiClient112163581] : "host : apitest.cybersource.com"
[2023-03-29T17:19:17.896Z] [INFO] [ApiClient112163581] : "signature : keyid=\"c1fef148-01a7-4707-9177-91a05d693d39\", algorithm=\"HmacSHA256\", headers=\"host date (request-target) digest v-c-merchant-id\", signature=\"Hbd9upIrgBz7HLkteYbP8p0BApT0UQcBtmwD7uf+3Z4=\""
[2023-03-29T17:19:17.896Z] [INFO] [ApiClient112163581] : "User-Agent : Mozilla/5.0"
[2023-03-29T17:19:17.897Z] [INFO] [ApiClient112163581] : "************************  LOGGING END  ************************"
[2023-03-29T17:20:28.934Z] [INFO] [MerchantConfig569596345] : "************************ LOGGING START ************************"
[2023-03-29T17:20:28.939Z] [INFO] [ApiClient817553475] : "Authentication Type : http_signature"
[2023-03-29T17:20:28.939Z] [INFO] [ApiClient817553475] : "Request Type : POST"
[2023-03-29T17:20:28.940Z] [INFO] [ApiClient817553475] : "signatureHeader : keyid=\"c1fef148-01a7-4707-9177-91a05d693d39\", algorithm=\"HmacSHA256\", headers=\"host date (request-target) digest v-c-merchant-id\", signature=\"uQAp/VElFjZWCLf1nttBTFrj2SJv/TcjJEi9gwuxOOQ=\""
[2023-03-29T17:20:28.940Z] [INFO] [ApiClient817553475] : "digest : SHA-256=GGgZnoebKC/VW+q6RRuwcjci0AkD97N36L9vTKkdl4s="
[2023-03-29T17:20:28.940Z] [INFO] [ApiClient817553475] : "v-c-merchant-id : 8220816711"
[2023-03-29T17:20:28.940Z] [INFO] [ApiClient817553475] : "date : Wed, 29 Mar 2023 17:20:28 GMT"
[2023-03-29T17:20:28.940Z] [INFO] [ApiClient817553475] : "host : apitest.cybersource.com"
[2023-03-29T17:20:28.941Z] [INFO] [ApiClient817553475] : "signature : keyid=\"c1fef148-01a7-4707-9177-91a05d693d39\", algorithm=\"HmacSHA256\", headers=\"host date (request-target) digest v-c-merchant-id\", signature=\"uQAp/VElFjZWCLf1nttBTFrj2SJv/TcjJEi9gwuxOOQ=\""
[2023-03-29T17:20:28.941Z] [INFO] [ApiClient817553475] : "User-Agent : Mozilla/5.0"
[2023-03-29T17:20:28.941Z] [INFO] [ApiClient817553475] : "************************  LOGGING END  ************************"
[2023-03-29T17:26:43.806Z] [INFO] [MerchantConfig476276185] : "************************ LOGGING START ************************"
[2023-03-29T17:26:43.811Z] [INFO] [ApiClient510265728] : "Authentication Type : http_signature"
[2023-03-29T17:26:43.811Z] [INFO] [ApiClient510265728] : "Request Type : POST"
[2023-03-29T17:26:43.812Z] [INFO] [ApiClient510265728] : "signatureHeader : keyid=\"c1fef148-01a7-4707-9177-91a05d693d39\", algorithm=\"HmacSHA256\", headers=\"host date (request-target) digest v-c-merchant-id\", signature=\"unE864KHuJTcV5HpcdqvIyMQF/pL2PFhItSAZM2AcyI=\""
[2023-03-29T17:26:43.812Z] [INFO] [ApiClient510265728] : "digest : SHA-256=qE4XYKbi5sMWRRG6HM1bFEeS93ixbcAzjeFo/o3WGjo="
[2023-03-29T17:26:43.812Z] [INFO] [ApiClient510265728] : "v-c-merchant-id : 8220816711"
[2023-03-29T17:26:43.812Z] [INFO] [ApiClient510265728] : "date : Wed, 29 Mar 2023 17:26:43 GMT"
[2023-03-29T17:26:43.813Z] [INFO] [ApiClient510265728] : "host : apitest.cybersource.com"
[2023-03-29T17:26:43.813Z] [INFO] [ApiClient510265728] : "signature : keyid=\"c1fef148-01a7-4707-9177-91a05d693d39\", algorithm=\"HmacSHA256\", headers=\"host date (request-target) digest v-c-merchant-id\", signature=\"unE864KHuJTcV5HpcdqvIyMQF/pL2PFhItSAZM2AcyI=\""
[2023-03-29T17:26:43.813Z] [INFO] [ApiClient510265728] : "User-Agent : Mozilla/5.0"
[2023-03-29T17:26:43.814Z] [INFO] [ApiClient510265728] : "************************  LOGGING END  ************************"
[2023-03-29T17:27:54.772Z] [INFO] [MerchantConfig107990623] : "************************ LOGGING START ************************"
[2023-03-29T17:27:54.777Z] [INFO] [ApiClient572016755] : "Authentication Type : http_signature"
[2023-03-29T17:27:54.777Z] [INFO] [ApiClient572016755] : "Request Type : POST"
[2023-03-29T17:27:54.778Z] [INFO] [ApiClient572016755] : "signatureHeader : keyid=\"c1fef148-01a7-4707-9177-91a05d693d39\", algorithm=\"HmacSHA256\", headers=\"host date (request-target) digest v-c-merchant-id\", signature=\"KV5LAxiZur5ImbCze+QboBctW3aBhm6Fvgd32Fev3Gk=\""
[2023-03-29T17:27:54.778Z] [INFO] [ApiClient572016755] : "digest : SHA-256=/EfhJSDqyZ1DfEtxBiiB0v+djf/9QgberUeJCNgEFXU="
[2023-03-29T17:27:54.779Z] [INFO] [ApiClient572016755] : "v-c-merchant-id : 8220816711"
[2023-03-29T17:27:54.779Z] [INFO] [ApiClient572016755] : "date : Wed, 29 Mar 2023 17:27:54 GMT"
[2023-03-29T17:27:54.779Z] [INFO] [ApiClient572016755] : "host : apitest.cybersource.com"
[2023-03-29T17:27:54.780Z] [INFO] [ApiClient572016755] : "signature : keyid=\"c1fef148-01a7-4707-9177-91a05d693d39\", algorithm=\"HmacSHA256\", headers=\"host date (request-target) digest v-c-merchant-id\", signature=\"KV5LAxiZur5ImbCze+QboBctW3aBhm6Fvgd32Fev3Gk=\""
[2023-03-29T17:27:54.780Z] [INFO] [ApiClient572016755] : "User-Agent : Mozilla/5.0"
[2023-03-29T17:27:54.780Z] [INFO] [ApiClient572016755] : "************************  LOGGING END  ************************"
[2023-03-29T17:29:27.305Z] [INFO] [MerchantConfig74702137] : "************************ LOGGING START ************************"
[2023-03-29T17:29:27.310Z] [INFO] [ApiClient660120697] : "Authentication Type : http_signature"
[2023-03-29T17:29:27.310Z] [INFO] [ApiClient660120697] : "Request Type : POST"
[2023-03-29T17:29:27.311Z] [INFO] [ApiClient660120697] : "signatureHeader : keyid=\"c1fef148-01a7-4707-9177-91a05d693d39\", algorithm=\"HmacSHA256\", headers=\"host date (request-target) digest v-c-merchant-id\", signature=\"Yf0zG/7z74AQnr8Fba7GHILdMQQNBXiPfM0+RTFrnEg=\""
[2023-03-29T17:29:27.312Z] [INFO] [ApiClient660120697] : "digest : SHA-256=GGgZnoebKC/VW+q6RRuwcjci0AkD97N36L9vTKkdl4s="
[2023-03-29T17:29:27.312Z] [INFO] [ApiClient660120697] : "v-c-merchant-id : 8220816711"
[2023-03-29T17:29:27.312Z] [INFO] [ApiClient660120697] : "date : Wed, 29 Mar 2023 17:29:27 GMT"
[2023-03-29T17:29:27.312Z] [INFO] [ApiClient660120697] : "host : apitest.cybersource.com"
[2023-03-29T17:29:27.312Z] [INFO] [ApiClient660120697] : "signature : keyid=\"c1fef148-01a7-4707-9177-91a05d693d39\", algorithm=\"HmacSHA256\", headers=\"host date (request-target) digest v-c-merchant-id\", signature=\"Yf0zG/7z74AQnr8Fba7GHILdMQQNBXiPfM0+RTFrnEg=\""
[2023-03-29T17:29:27.313Z] [INFO] [ApiClient660120697] : "User-Agent : Mozilla/5.0"
[2023-03-29T17:29:27.313Z] [INFO] [ApiClient660120697] : "************************  LOGGING END  ************************"
[2023-03-29T17:29:52.893Z] [INFO] [MerchantConfig176054007] : "************************ LOGGING START ************************"
[2023-03-29T17:29:52.897Z] [INFO] [ApiClient75328536] : "Authentication Type : http_signature"
[2023-03-29T17:29:52.898Z] [INFO] [ApiClient75328536] : "Request Type : POST"
[2023-03-29T17:29:52.899Z] [INFO] [ApiClient75328536] : "signatureHeader : keyid=\"c1fef148-01a7-4707-9177-91a05d693d39\", algorithm=\"HmacSHA256\", headers=\"host date (request-target) digest v-c-merchant-id\", signature=\"I0stt5q5KxKs9nMztTl6qgpmPaFnRuXr1mp7T1tv/RE=\""
[2023-03-29T17:29:52.899Z] [INFO] [ApiClient75328536] : "digest : SHA-256=GGgZnoebKC/VW+q6RRuwcjci0AkD97N36L9vTKkdl4s="
[2023-03-29T17:29:52.899Z] [INFO] [ApiClient75328536] : "v-c-merchant-id : 8220816711"
[2023-03-29T17:29:52.899Z] [INFO] [ApiClient75328536] : "date : Wed, 29 Mar 2023 17:29:52 GMT"
[2023-03-29T17:29:52.899Z] [INFO] [ApiClient75328536] : "host : apitest.cybersource.com"
[2023-03-29T17:29:52.899Z] [INFO] [ApiClient75328536] : "signature : keyid=\"c1fef148-01a7-4707-9177-91a05d693d39\", algorithm=\"HmacSHA256\", headers=\"host date (request-target) digest v-c-merchant-id\", signature=\"I0stt5q5KxKs9nMztTl6qgpmPaFnRuXr1mp7T1tv/RE=\""
[2023-03-29T17:29:52.900Z] [INFO] [ApiClient75328536] : "User-Agent : Mozilla/5.0"
[2023-03-29T17:29:52.900Z] [INFO] [ApiClient75328536] : "************************  LOGGING END  ************************"
[2023-03-29T17:31:15.910Z] [INFO] [MerchantConfig726982340] : "************************ LOGGING START ************************"
[2023-03-29T17:31:15.915Z] [INFO] [ApiClient179558703] : "Authentication Type : http_signature"
[2023-03-29T17:31:15.916Z] [INFO] [ApiClient179558703] : "Request Type : POST"
[2023-03-29T17:31:15.917Z] [INFO] [ApiClient179558703] : "signatureHeader : keyid=\"c1fef148-01a7-4707-9177-91a05d693d39\", algorithm=\"HmacSHA256\", headers=\"host date (request-target) digest v-c-merchant-id\", signature=\"hjoCrhfPVXCDBRZ4WozntSgqNLe7poQ3BQDdbXM6bK8=\""
[2023-03-29T17:31:15.917Z] [INFO] [ApiClient179558703] : "digest : SHA-256=bCjTuJE6LXObev7WKmAxZbv4XCUFG4NPszIWnU5fJqM="
[2023-03-29T17:31:15.917Z] [INFO] [ApiClient179558703] : "v-c-merchant-id : 8220816711"
[2023-03-29T17:31:15.917Z] [INFO] [ApiClient179558703] : "date : Wed, 29 Mar 2023 17:31:15 GMT"
[2023-03-29T17:31:15.917Z] [INFO] [ApiClient179558703] : "host : apitest.cybersource.com"
[2023-03-29T17:31:15.918Z] [INFO] [ApiClient179558703] : "signature : keyid=\"c1fef148-01a7-4707-9177-91a05d693d39\", algorithm=\"HmacSHA256\", headers=\"host date (request-target) digest v-c-merchant-id\", signature=\"hjoCrhfPVXCDBRZ4WozntSgqNLe7poQ3BQDdbXM6bK8=\""
[2023-03-29T17:31:15.918Z] [INFO] [ApiClient179558703] : "User-Agent : Mozilla/5.0"
[2023-03-29T17:31:15.918Z] [INFO] [ApiClient179558703] : "************************  LOGGING END  ************************"
[2023-03-29T17:34:11.654Z] [INFO] [MerchantConfig582025926] : "************************ LOGGING START ************************"
[2023-03-29T17:34:11.659Z] [INFO] [ApiClient578684684] : "Authentication Type : http_signature"
[2023-03-29T17:34:11.659Z] [INFO] [ApiClient578684684] : "Request Type : POST"
[2023-03-29T17:34:11.660Z] [INFO] [ApiClient578684684] : "signatureHeader : keyid=\"8b1341fb-0b4f-44e4-86f8-b91ec76ffd1c\", algorithm=\"HmacSHA256\", headers=\"host date (request-target) digest v-c-merchant-id\", signature=\"7du2I4HU9tHQcSJNLXQQIl2hQbQkv7m5dsm51SrdqXI=\""
[2023-03-29T17:34:11.660Z] [INFO] [ApiClient578684684] : "digest : SHA-256=FHK1ex2Nm8mDqsVQ3RZWK1XEAt87H9tjzbwhJkdT+os="
[2023-03-29T17:34:11.660Z] [INFO] [ApiClient578684684] : "v-c-merchant-id : 8220816711"
[2023-03-29T17:34:11.660Z] [INFO] [ApiClient578684684] : "date : Wed, 29 Mar 2023 17:34:11 GMT"
[2023-03-29T17:34:11.661Z] [INFO] [ApiClient578684684] : "host : apitest.cybersource.com"
[2023-03-29T17:34:11.661Z] [INFO] [ApiClient578684684] : "signature : keyid=\"8b1341fb-0b4f-44e4-86f8-b91ec76ffd1c\", algorithm=\"HmacSHA256\", headers=\"host date (request-target) digest v-c-merchant-id\", signature=\"7du2I4HU9tHQcSJNLXQQIl2hQbQkv7m5dsm51SrdqXI=\""
[2023-03-29T17:34:11.661Z] [INFO] [ApiClient578684684] : "User-Agent : Mozilla/5.0"
[2023-03-29T17:34:11.661Z] [INFO] [ApiClient578684684] : "************************  LOGGING END  ************************"
[2023-03-29T17:37:29.481Z] [INFO] [MerchantConfig460512391] : "************************ LOGGING START ************************"
[2023-03-29T17:37:29.486Z] [INFO] [ApiClient536273580] : "Authentication Type : http_signature"
[2023-03-29T17:37:29.486Z] [INFO] [ApiClient536273580] : "Request Type : POST"
[2023-03-29T17:37:29.487Z] [INFO] [ApiClient536273580] : "signatureHeader : keyid=\"8b1341fb-0b4f-44e4-86f8-b91ec76ffd1c\", algorithm=\"HmacSHA256\", headers=\"host date (request-target) digest v-c-merchant-id\", signature=\"mYXpoAdml2OnVME0GLpBas0iGpfvmKy364O9S7IvUnw=\""
[2023-03-29T17:37:29.487Z] [INFO] [ApiClient536273580] : "digest : SHA-256=FHK1ex2Nm8mDqsVQ3RZWK1XEAt87H9tjzbwhJkdT+os="
[2023-03-29T17:37:29.487Z] [INFO] [ApiClient536273580] : "v-c-merchant-id : 8220816711"
[2023-03-29T17:37:29.487Z] [INFO] [ApiClient536273580] : "date : Wed, 29 Mar 2023 17:37:29 GMT"
[2023-03-29T17:37:29.487Z] [INFO] [ApiClient536273580] : "host : apitest.cybersource.com"
[2023-03-29T17:37:29.488Z] [INFO] [ApiClient536273580] : "signature : keyid=\"8b1341fb-0b4f-44e4-86f8-b91ec76ffd1c\", algorithm=\"HmacSHA256\", headers=\"host date (request-target) digest v-c-merchant-id\", signature=\"mYXpoAdml2OnVME0GLpBas0iGpfvmKy364O9S7IvUnw=\""
[2023-03-29T17:37:29.488Z] [INFO] [ApiClient536273580] : "User-Agent : Mozilla/5.0"
[2023-03-29T17:37:29.488Z] [INFO] [ApiClient536273580] : "************************  LOGGING END  ************************"
[2023-03-29T17:40:34.795Z] [INFO] [MerchantConfig859164579] : "************************ LOGGING START ************************"
[2023-03-29T17:40:34.800Z] [INFO] [ApiClient310236804] : "Authentication Type : http_signature"
[2023-03-29T17:40:34.800Z] [INFO] [ApiClient310236804] : "Request Type : POST"
[2023-03-29T17:40:34.801Z] [INFO] [ApiClient310236804] : "signatureHeader : keyid=\"8b1341fb-0b4f-44e4-86f8-b91ec76ffd1c\", algorithm=\"HmacSHA256\", headers=\"host date (request-target) digest v-c-merchant-id\", signature=\"HcyuXsxwFDObCadBgN2w+VG9kC5HIV9mLSQ3ZxQ2qvs=\""
[2023-03-29T17:40:34.801Z] [INFO] [ApiClient310236804] : "digest : SHA-256=6FhQyo7ypxEtAkFfr9mnNn5ByZPpcGdxO+WJBvXuiTY="
[2023-03-29T17:40:34.801Z] [INFO] [ApiClient310236804] : "v-c-merchant-id : 8220816711"
[2023-03-29T17:40:34.801Z] [INFO] [ApiClient310236804] : "date : Wed, 29 Mar 2023 17:40:34 GMT"
[2023-03-29T17:40:34.801Z] [INFO] [ApiClient310236804] : "host : apitest.cybersource.com"
[2023-03-29T17:40:34.802Z] [INFO] [ApiClient310236804] : "signature : keyid=\"8b1341fb-0b4f-44e4-86f8-b91ec76ffd1c\", algorithm=\"HmacSHA256\", headers=\"host date (request-target) digest v-c-merchant-id\", signature=\"HcyuXsxwFDObCadBgN2w+VG9kC5HIV9mLSQ3ZxQ2qvs=\""
[2023-03-29T17:40:34.802Z] [INFO] [ApiClient310236804] : "User-Agent : Mozilla/5.0"
[2023-03-29T17:40:34.802Z] [INFO] [ApiClient310236804] : "************************  LOGGING END  ************************"
[2023-03-29T17:46:00.042Z] [INFO] [MerchantConfig945219298] : "************************ LOGGING START ************************"
[2023-03-29T17:46:00.047Z] [INFO] [ApiClient720148245] : "Authentication Type : http_signature"
[2023-03-29T17:46:00.048Z] [INFO] [ApiClient720148245] : "Request Type : POST"
[2023-03-29T17:46:00.049Z] [INFO] [ApiClient720148245] : "signatureHeader : keyid=\"8b1341fb-0b4f-44e4-86f8-b91ec76ffd1c\", algorithm=\"HmacSHA256\", headers=\"host date (request-target) digest v-c-merchant-id\", signature=\"FuA1LzRkExePFGkUHIp6ni2I3Wkb4cO62ESFIRYCvPQ=\""
[2023-03-29T17:46:00.049Z] [INFO] [ApiClient720148245] : "digest : SHA-256=gRUICJ1qZT87MuqQXx8fAYdPE4SBmZY5udaCIYkwgWU="
[2023-03-29T17:46:00.049Z] [INFO] [ApiClient720148245] : "v-c-merchant-id : 8220816711"
[2023-03-29T17:46:00.049Z] [INFO] [ApiClient720148245] : "date : Wed, 29 Mar 2023 17:46:00 GMT"
[2023-03-29T17:46:00.049Z] [INFO] [ApiClient720148245] : "host : apitest.cybersource.com"
[2023-03-29T17:46:00.049Z] [INFO] [ApiClient720148245] : "signature : keyid=\"8b1341fb-0b4f-44e4-86f8-b91ec76ffd1c\", algorithm=\"HmacSHA256\", headers=\"host date (request-target) digest v-c-merchant-id\", signature=\"FuA1LzRkExePFGkUHIp6ni2I3Wkb4cO62ESFIRYCvPQ=\""
[2023-03-29T17:46:00.050Z] [INFO] [ApiClient720148245] : "User-Agent : Mozilla/5.0"
[2023-03-29T17:46:00.050Z] [INFO] [ApiClient720148245] : "************************  LOGGING END  ************************"
[2023-03-29T17:47:44.995Z] [INFO] [MerchantConfig626626289] : "************************ LOGGING START ************************"
[2023-03-29T17:47:45.000Z] [INFO] [ApiClient662379327] : "Authentication Type : http_signature"
[2023-03-29T17:47:45.000Z] [INFO] [ApiClient662379327] : "Request Type : POST"
[2023-03-29T17:47:45.002Z] [INFO] [ApiClient662379327] : "signatureHeader : keyid=\"8b1341fb-0b4f-44e4-86f8-b91ec76ffd1c\", algorithm=\"HmacSHA256\", headers=\"host date (request-target) digest v-c-merchant-id\", signature=\"jVZSltv6jNSuzgQGp63jwNvfep+LfL5EFiyILuHObQs=\""
[2023-03-29T17:47:45.002Z] [INFO] [ApiClient662379327] : "digest : SHA-256=IBxyvTQOVGUYH61/t5fECTWdf/6f76B7qFUWuqTFQHw="
[2023-03-29T17:47:45.002Z] [INFO] [ApiClient662379327] : "v-c-merchant-id : 8220816711"
[2023-03-29T17:47:45.002Z] [INFO] [ApiClient662379327] : "date : Wed, 29 Mar 2023 17:47:45 GMT"
[2023-03-29T17:47:45.002Z] [INFO] [ApiClient662379327] : "host : apitest.cybersource.com"
[2023-03-29T17:47:45.003Z] [INFO] [ApiClient662379327] : "signature : keyid=\"8b1341fb-0b4f-44e4-86f8-b91ec76ffd1c\", algorithm=\"HmacSHA256\", headers=\"host date (request-target) digest v-c-merchant-id\", signature=\"jVZSltv6jNSuzgQGp63jwNvfep+LfL5EFiyILuHObQs=\""
[2023-03-29T17:47:45.003Z] [INFO] [ApiClient662379327] : "User-Agent : Mozilla/5.0"
[2023-03-29T17:47:45.003Z] [INFO] [ApiClient662379327] : "************************  LOGGING END  ************************"
[2023-03-29T17:49:18.687Z] [INFO] [MerchantConfig569336804] : "************************ LOGGING START ************************"
[2023-03-29T17:49:18.693Z] [INFO] [ApiClient474436375] : "Authentication Type : http_signature"
[2023-03-29T17:49:18.693Z] [INFO] [ApiClient474436375] : "Request Type : POST"
[2023-03-29T17:49:18.694Z] [INFO] [ApiClient474436375] : "signatureHeader : keyid=\"8b1341fb-0b4f-44e4-86f8-b91ec76ffd1c\", algorithm=\"HmacSHA256\", headers=\"host date (request-target) digest v-c-merchant-id\", signature=\"1Tm9LLW2sobFjggDs4mg2lPjFr85fWnzKCucW8n9Zxc=\""
[2023-03-29T17:49:18.694Z] [INFO] [ApiClient474436375] : "digest : SHA-256=6FhQyo7ypxEtAkFfr9mnNn5ByZPpcGdxO+WJBvXuiTY="
[2023-03-29T17:49:18.694Z] [INFO] [ApiClient474436375] : "v-c-merchant-id : 8220816711"
[2023-03-29T17:49:18.695Z] [INFO] [ApiClient474436375] : "date : Wed, 29 Mar 2023 17:49:18 GMT"
[2023-03-29T17:49:18.695Z] [INFO] [ApiClient474436375] : "host : apitest.cybersource.com"
[2023-03-29T17:49:18.695Z] [INFO] [ApiClient474436375] : "signature : keyid=\"8b1341fb-0b4f-44e4-86f8-b91ec76ffd1c\", algorithm=\"HmacSHA256\", headers=\"host date (request-target) digest v-c-merchant-id\", signature=\"1Tm9LLW2sobFjggDs4mg2lPjFr85fWnzKCucW8n9Zxc=\""
[2023-03-29T17:49:18.695Z] [INFO] [ApiClient474436375] : "User-Agent : Mozilla/5.0"
[2023-03-29T17:49:18.695Z] [INFO] [ApiClient474436375] : "************************  LOGGING END  ************************"
[2023-03-29T17:50:17.340Z] [INFO] [MerchantConfig831428631] : "************************ LOGGING START ************************"
[2023-03-29T17:50:17.345Z] [INFO] [ApiClient569910792] : "Authentication Type : http_signature"
[2023-03-29T17:50:17.345Z] [INFO] [ApiClient569910792] : "Request Type : POST"
[2023-03-29T17:50:17.346Z] [INFO] [ApiClient569910792] : "signatureHeader : keyid=\"8b1341fb-0b4f-44e4-86f8-b91ec76ffd1c\", algorithm=\"HmacSHA256\", headers=\"host date (request-target) digest v-c-merchant-id\", signature=\"5xZxxdGY6hNrj7mQHX76Hp8WPpaB/6MlESP+drm8KUM=\""
[2023-03-29T17:50:17.346Z] [INFO] [ApiClient569910792] : "digest : SHA-256=C7ptoWG5Kl745AjyAMwQ+t/LXC6WOAg3xgRMWK6+ITs="
[2023-03-29T17:50:17.347Z] [INFO] [ApiClient569910792] : "v-c-merchant-id : 8220816711"
[2023-03-29T17:50:17.347Z] [INFO] [ApiClient569910792] : "date : Wed, 29 Mar 2023 17:50:17 GMT"
[2023-03-29T17:50:17.347Z] [INFO] [ApiClient569910792] : "host : apitest.cybersource.com"
[2023-03-29T17:50:17.347Z] [INFO] [ApiClient569910792] : "signature : keyid=\"8b1341fb-0b4f-44e4-86f8-b91ec76ffd1c\", algorithm=\"HmacSHA256\", headers=\"host date (request-target) digest v-c-merchant-id\", signature=\"5xZxxdGY6hNrj7mQHX76Hp8WPpaB/6MlESP+drm8KUM=\""
[2023-03-29T17:50:17.347Z] [INFO] [ApiClient569910792] : "User-Agent : Mozilla/5.0"
[2023-03-29T17:50:17.348Z] [INFO] [ApiClient569910792] : "************************  LOGGING END  ************************"
